<?xml version="1.0" encoding="UTF-8"?><testsuite errors="0" failures="0" name="com.localhost.serviceinfo.ServiceCurdInfo" skipped="0" tests="4" time="0.18" timestamp="2022-06-07T12:28:59.107+01:00[Europe/London]"><testcase classname="com.localhost.serviceinfo.ServiceCurdInfo" name="this will creat service0"/><testcase classname="com.localhost.serviceinfo.ServiceCurdInfo" name="This will fath single service"/><testcase classname="com.localhost.serviceinfo.ServiceCurdInfo" name="This will update service"/><testcase classname="com.localhost.serviceinfo.ServiceCurdInfo" name="This will delete the service"/></testsuite>