<?xml version="1.0" encoding="UTF-8"?><testsuite errors="0" failures="0" name="com.localhost.productinfo.ProductCurdInfo" skipped="0" tests="4" time="0.77" timestamp="2022-06-07T12:28:58.207+01:00[Europe/London]"><testcase classname="com.localhost.productinfo.ProductCurdInfo" name="this will creat new product "/><testcase classname="com.localhost.productinfo.ProductCurdInfo" name="This will fatch the product by id "/><testcase classname="com.localhost.productinfo.ProductCurdInfo" name="this will update  product "/><testcase classname="com.localhost.productinfo.ProductCurdInfo" name="This will delete product "/></testsuite>