<?xml version="1.0" encoding="UTF-8"?><testsuite errors="0" failures="0" name="com.localhost.categoriesinfo.CategoriesCurdInfo" skipped="0" tests="4" time="4.17" timestamp="2022-06-07T12:28:52.356+01:00[Europe/London]"><testcase classname="com.localhost.categoriesinfo.CategoriesCurdInfo" name="This will creat categories"/><testcase classname="com.localhost.categoriesinfo.CategoriesCurdInfo" name="This will fatch single category"/><testcase classname="com.localhost.categoriesinfo.CategoriesCurdInfo" name="This will update category"/><testcase classname="com.localhost.categoriesinfo.CategoriesCurdInfo" name="This will delete category"/></testsuite>