<?xml version="1.0" encoding="UTF-8"?><testsuite errors="0" failures="0" name="com.localhost.storeinfo.StoreCurdInfo" skipped="0" tests="4" time="0.24" timestamp="2022-06-07T12:28:59.371+01:00[Europe/London]"><testcase classname="com.localhost.storeinfo.StoreCurdInfo" name="creat a store detail"/><testcase classname="com.localhost.storeinfo.StoreCurdInfo" name="Get single store detail"/><testcase classname="com.localhost.storeinfo.StoreCurdInfo" name="this will update store detail"/><testcase classname="com.localhost.storeinfo.StoreCurdInfo" name="this will delet storedetail"/></testsuite>